<?xml version="1.0" encoding="UTF-8"?>
<!-- Generated by org.testng.reporters.JUnitReportReporter -->
<testsuite hostname="LAPTOP-OGUBGQ1C" failures="0" tests="1" name="Findwebelements.FindWebElementspgm2" time="33.839" errors="0" timestamp="2022-03-03T19:03:54 IST" skipped="0">
  <testcase classname="Findwebelements.FindWebElementspgm2" name="f" time="33.839"/>
  <system-out/>
</testsuite> <!-- Findwebelements.FindWebElementspgm2 -->
