<?xml version="1.0" encoding="UTF-8"?>
<!-- Generated by org.testng.reporters.JUnitReportReporter -->
<testsuite hostname="LAPTOP-OGUBGQ1C" failures="0" tests="1" name="Uploadscroll.Upload" time="4.322" errors="0" timestamp="2022-03-15T08:05:23 IST" skipped="0">
  <testcase classname="Uploadscroll.Upload" name="f" time="4.322"/>
  <system-out/>
</testsuite> <!-- Uploadscroll.Upload -->
