<?xml version="1.0" encoding="UTF-8"?>
<!-- Generated by org.testng.reporters.JUnitReportReporter -->
<testsuite hostname="LAPTOP-OGUBGQ1C" failures="0" tests="1" name="Assertexample.SoftAssertPgm" time="3.622" errors="0" timestamp="2022-03-03T07:34:31 IST" skipped="0">
  <testcase classname="Assertexample.SoftAssertPgm" name="f" time="3.622"/>
  <system-out/>
</testsuite> <!-- Assertexample.SoftAssertPgm -->
