<?xml version="1.0" encoding="UTF-8"?>
<!-- Generated by org.testng.reporters.JUnitReportReporter -->
<testsuite hostname="LAPTOP-OGUBGQ1C" failures="0" tests="1" name="KeyControls.RobotClass" time="7.951" errors="0" timestamp="2022-03-19T20:34:47 IST" skipped="0">
  <testcase classname="KeyControls.RobotClass" name="f" time="7.951"/>
  <system-out/>
</testsuite> <!-- KeyControls.RobotClass -->
