<?xml version="1.0" encoding="UTF-8"?>
<!-- Generated by org.testng.reporters.JUnitReportReporter -->
<testsuite hostname="LAPTOP-OGUBGQ1C" failures="0" tests="1" name="Webelementcommands.WebelementPgm" time="6.721" errors="0" timestamp="2022-03-10T15:33:42 IST" skipped="0">
  <testcase classname="Webelementcommands.WebelementPgm" name="f" time="6.721"/>
  <system-out/>
</testsuite> <!-- Webelementcommands.WebelementPgm -->
