<?xml version="1.0" encoding="UTF-8"?>
<!-- Generated by org.testng.reporters.JUnitReportReporter -->
<testsuite hostname="LAPTOP-OGUBGQ1C" failures="0" tests="1" name="Mousehover.PgmMouseHover" time="3.231" errors="0" timestamp="2022-03-11T09:38:33 IST" skipped="0">
  <testcase classname="Mousehover.PgmMouseHover" name="f" time="3.231"/>
  <system-out/>
</testsuite> <!-- Mousehover.PgmMouseHover -->
