<?xml version="1.0" encoding="UTF-8"?>
<!-- Generated by org.testng.reporters.JUnitReportReporter -->
<testsuite hostname="LAPTOP-OGUBGQ1C" failures="0" tests="1" name="Findwebelements.FindWebElementspgm" time="9.188" errors="0" timestamp="2022-03-10T22:17:39 IST" skipped="0">
  <testcase classname="Findwebelements.FindWebElementspgm" name="f" time="9.188"/>
  <system-out/>
</testsuite> <!-- Findwebelements.FindWebElementspgm -->
