<?xml version="1.0" encoding="UTF-8"?>
<!-- Generated by org.testng.reporters.JUnitReportReporter -->
<testsuite hostname="LAPTOP-OGUBGQ1C" failures="0" tests="2" name="testannotations.TestAnnotationspgm" time="0.004" errors="0" timestamp="2022-03-06T15:24:23 IST" skipped="1">
  <testcase classname="testannotations.TestAnnotationspgm" name="apple" time="0.004"/>
  <system-out/>
  <testcase classname="testannotations.TestAnnotationspgm" name="orange">
    <skipped/>
  </testcase> <!-- orange -->
  <system-out/>
</testsuite> <!-- testannotations.TestAnnotationspgm -->
