<?xml version="1.0" encoding="UTF-8"?>
<!-- Generated by org.testng.reporters.JUnitReportReporter -->
<testsuite hostname="LAPTOP-OGUBGQ1C" failures="0" tests="1" name="NavigationCommands.NewTest" time="14.756" errors="0" timestamp="2022-02-25T08:31:40 IST" skipped="0">
  <testcase classname="NavigationCommands.NewTest" name="f" time="14.756"/>
  <system-out/>
</testsuite> <!-- NavigationCommands.NewTest -->
