<?xml version="1.0" encoding="UTF-8"?>
<!-- Generated by org.testng.reporters.JUnitReportReporter -->
<testsuite hostname="LAPTOP-OGUBGQ1C" failures="0" tests="1" name="Uploadscroll.Upload2" time="2.329" errors="0" timestamp="2022-03-15T20:26:07 IST" skipped="0">
  <testcase classname="Uploadscroll.Upload2" name="f" time="2.329"/>
  <system-out/>
</testsuite> <!-- Uploadscroll.Upload2 -->
