<?xml version="1.0" encoding="UTF-8"?>
<!-- Generated by org.testng.reporters.JUnitReportReporter -->
<testsuite hostname="LAPTOP-OGUBGQ1C" failures="0" tests="1" name="testannotations.Testannotations1" time="13.394" errors="0" timestamp="2022-02-28T20:11:46 IST" skipped="0">
  <testcase classname="testannotations.Testannotations1" name="f" time="13.394"/>
  <system-out/>
</testsuite> <!-- testannotations.Testannotations1 -->
