<?xml version="1.0" encoding="UTF-8"?>
<!-- Generated by org.testng.reporters.JUnitReportReporter -->
<testsuite hostname="LAPTOP-OGUBGQ1C" failures="0" tests="1" name="Webelementcommands.NewWebelement" time="12.650" errors="0" timestamp="2022-03-10T15:24:25 IST" skipped="0">
  <testcase classname="Webelementcommands.NewWebelement" name="f" time="12.650"/>
  <system-out/>
</testsuite> <!-- Webelementcommands.NewWebelement -->
