<?xml version="1.0" encoding="UTF-8"?>
<!-- Generated by org.testng.reporters.JUnitReportReporter -->
<testsuite hostname="LAPTOP-OGUBGQ1C" failures="0" tests="1" name="KeyControls.MultipleSelect2" time="12.708" errors="0" timestamp="2022-03-19T20:37:13 IST" skipped="0">
  <testcase classname="KeyControls.MultipleSelect2" name="f" time="12.708"/>
  <system-out/>
</testsuite> <!-- KeyControls.MultipleSelect2 -->
