<?xml version="1.0" encoding="UTF-8"?>
<!-- Generated by org.testng.reporters.JUnitReportReporter -->
<testsuite hostname="LAPTOP-OGUBGQ1C" failures="0" tests="1" name="Webtable.Webtablepgm1" time="3.885" errors="0" timestamp="2022-03-20T22:08:16 IST" skipped="0">
  <testcase classname="Webtable.Webtablepgm1" name="f" time="3.885"/>
  <system-out/>
</testsuite> <!-- Webtable.Webtablepgm1 -->
