<?xml version="1.0" encoding="UTF-8"?>
<!-- Generated by org.testng.reporters.JUnitReportReporter -->
<testsuite hostname="LAPTOP-OGUBGQ1C" failures="0" tests="1" name="Xmlpgm.XmlPgm1" time="0.716" errors="0" timestamp="2022-03-17T08:28:06 IST" skipped="0">
  <testcase classname="Xmlpgm.XmlPgm1" name="mainMethod" time="0.716"/>
  <system-out/>
</testsuite> <!-- Xmlpgm.XmlPgm1 -->
