<?xml version="1.0" encoding="UTF-8"?>
<!-- Generated by org.testng.reporters.JUnitReportReporter -->
<testsuite hostname="LAPTOP-OGUBGQ1C" failures="0" tests="1" name="AlertPgms.AlertPgm2" time="11.192" errors="0" timestamp="2022-03-19T20:22:18 IST" skipped="0">
  <testcase classname="AlertPgms.AlertPgm2" name="f" time="11.192"/>
  <system-out/>
</testsuite> <!-- AlertPgms.AlertPgm2 -->
