<?xml version="1.0" encoding="UTF-8"?>
<!-- Generated by org.testng.reporters.JUnitReportReporter -->
<testsuite hostname="LAPTOP-OGUBGQ1C" failures="0" tests="1" name="KeyControls.MultipleSelect" time="6.941" errors="0" timestamp="2022-03-08T17:21:04 IST" skipped="0">
  <testcase classname="KeyControls.MultipleSelect" name="f" time="6.941"/>
  <system-out/>
</testsuite> <!-- KeyControls.MultipleSelect -->
