<?xml version="1.0" encoding="UTF-8"?>
<!-- Generated by org.testng.reporters.JUnitReportReporter -->
<testsuite hostname="LAPTOP-OGUBGQ1C" failures="0" tests="1" name="Mousehover.ValidationForm" time="12.040" errors="0" timestamp="2022-03-12T16:20:53 IST" skipped="0">
  <testcase classname="Mousehover.ValidationForm" name="f" time="12.040"/>
  <system-out/>
</testsuite> <!-- Mousehover.ValidationForm -->
