<?xml version="1.0" encoding="UTF-8"?>
<!-- Generated by org.testng.reporters.JUnitReportReporter -->
<testsuite hostname="LAPTOP-OGUBGQ1C" failures="0" tests="1" name="Advancedxpath.advancedXpath1" time="0.815" errors="0" timestamp="2022-03-17T08:04:15 IST" skipped="0">
  <testcase classname="Advancedxpath.advancedXpath1" name="f" time="0.815"/>
  <system-out/>
</testsuite> <!-- Advancedxpath.advancedXpath1 -->
