<?xml version="1.0" encoding="UTF-8"?>
<!-- Generated by org.testng.reporters.JUnitReportReporter -->
<testsuite hostname="LAPTOP-OGUBGQ1C" failures="0" tests="1" name="AlertPgms.AlertPgm1" time="12.327" errors="0" timestamp="2022-03-19T20:06:11 IST" skipped="0">
  <testcase classname="AlertPgms.AlertPgm1" name="f" time="12.327"/>
  <system-out/>
</testsuite> <!-- AlertPgms.AlertPgm1 -->
