<?xml version="1.0" encoding="UTF-8"?>
<!-- Generated by org.testng.reporters.JUnitReportReporter -->
<testsuite hostname="LAPTOP-OGUBGQ1C" failures="0" tests="1" name="Mousehover.CheckBox" time="6.774" errors="0" timestamp="2022-03-12T14:48:38 IST" skipped="0">
  <testcase classname="Mousehover.CheckBox" name="f" time="6.774"/>
  <system-out/>
</testsuite> <!-- Mousehover.CheckBox -->
